<?xml version="1.0" encoding="UTF-8"?>
<!-- Generated by org.testng.reporters.JUnitReportReporter -->
<testsuite hostname="gk" failures="0" tests="2" name="testCases.TC_002_LoginTest" time="3.474" errors="0" timestamp="2024-11-02T17:16:47 IST" skipped="0">
  <testcase classname="testCases.TC_002_LoginTest" name="verify_login" time="1.437"/>
  <testcase classname="testCases.TC_002_LoginTest" name="verify_login" time="2.037"/>
</testsuite> <!-- testCases.TC_002_LoginTest -->
