<?xml version="1.0" encoding="UTF-8"?>
<!-- Generated by org.testng.reporters.JUnitReportReporter -->
<testsuite hostname="gk" failures="0" tests="2" name="testCases.TC_001_AccountRegistrationTest" time="10.431" errors="0" timestamp="2024-11-02T17:16:47 IST" skipped="0">
  <testcase classname="testCases.TC_001_AccountRegistrationTest" name="testAccountRegistration" time="8.546"/>
  <testcase classname="testCases.TC_001_AccountRegistrationTest" name="testAccountRegistration" time="1.885"/>
</testsuite> <!-- testCases.TC_001_AccountRegistrationTest -->
