<?xml version="1.0" encoding="UTF-8"?>
<!-- Generated by org.testng.reporters.JUnitReportReporter -->
<testsuite hostname="gk" failures="0" tests="1" name="testCases.TC_001_AccountRegistrationTest" time="2.065" errors="0" timestamp="2024-11-09T11:53:47 IST" skipped="0">
  <testcase classname="testCases.TC_001_AccountRegistrationTest" name="testAccountRegistration" time="2.065"/>
</testsuite> <!-- testCases.TC_001_AccountRegistrationTest -->
