<?xml version="1.0" encoding="UTF-8"?>
<!-- Generated by org.testng.reporters.JUnitReportReporter -->
<testsuite hostname="gk" failures="0" tests="1" name="testCases.TC_001_AccountRegistrationTest" time="2.224" errors="0" timestamp="2024-11-03T12:14:56 IST" skipped="0">
  <testcase classname="testCases.TC_001_AccountRegistrationTest" name="testAccountRegistration" time="2.224"/>
</testsuite> <!-- testCases.TC_001_AccountRegistrationTest -->
