<?xml version="1.0" encoding="UTF-8"?>
<!-- Generated by org.testng.reporters.JUnitReportReporter -->
<testsuite hostname="gk" failures="0" tests="1" name="testCases.TC_002_LoginTest" time="1.678" errors="0" timestamp="2024-11-03T12:14:56 IST" skipped="0">
  <testcase classname="testCases.TC_002_LoginTest" name="verify_login" time="1.678"/>
</testsuite> <!-- testCases.TC_002_LoginTest -->
